
=== Thu Oct 17 23:09:30 2019

Packages were changed.
Update Mode: mergeDefaultDependencies

The following packages were added:
  com.unity.package-manager-ui@2.2.0
  com.unity.ext.nunit@1.0.0
  com.unity.test-framework@1.0.13
  com.unity.ide.vscode@1.1.2
  com.unity.ide.rider@1.1.0
  com.unity.ugui@1.0.0
  com.unity.modules.androidjni@1.0.0
The following packages were updated:
  com.unity.collab-proxy from version 1.2.9 to 1.2.16
  com.unity.textmeshpro from version 2.0.0 to 2.0.1
  com.unity.timeline from version 0.0.0-builtin to 1.1.0

=== Mon Oct 21 13:17:38 2019

Packages were changed.
Update Mode: updateDependencies

The following packages were updated:
  com.unity.test-framework from version 1.0.13 to 1.1.2
  com.unity.timeline from version 1.1.0 to 1.2.2
The following packages were removed:
  com.unity.package-manager-ui@2.2.0

=== Tue Mar 10 14:32:07 2020

Packages were changed.
Update Mode: updateDependencies

The following packages were updated:
  com.unity.ide.vscode from version 1.1.2 to 1.1.4
  com.unity.postprocessing from version 2.1.7 to 2.2.2
  com.unity.test-framework from version 1.1.2 to 1.1.11
  com.unity.timeline from version 1.2.2 to 1.2.6

=== Tue Apr  7 19:03:33 2020

Packages were changed.
Update Mode: updateDependencies

The following packages were updated:
  com.unity.test-framework from version 1.1.11 to 1.1.13

=== Thu May  7 21:16:28 2020

Packages were changed.
Update Mode: updateDependencies

The following packages were updated:
  com.unity.ide.vscode from version 1.1.4 to 1.2.0

=== Sat Aug 15 19:41:16 2020

Packages were changed.
Update Mode: updateDependencies

The following packages were updated:
  com.unity.ide.vscode from version 1.2.0 to 1.2.1
  com.unity.test-framework from version 1.1.13 to 1.1.14

=== Thu Aug 20 00:30:05 2020

Packages were changed.
Update Mode: updateDependencies

The following packages were updated:
  com.unity.inputsystem from version 1.0.0-preview.3 to 1.0.0
  com.unity.test-framework from version 1.1.14 to 1.1.16

=== Sun Oct 11 10:58:48 2020

Packages were changed.
Update Mode: updateDependencies

The following packages were added:
  com.unity.ide.visualstudio@2.0.2
The following packages were updated:
  com.unity.collab-proxy from version 1.2.16 to 1.3.9
  com.unity.textmeshpro from version 2.0.1 to 3.0.1

=== Mon Oct 19 20:24:01 2020

Packages were changed.
Update Mode: updateDependencies

The following packages were updated:
  com.unity.ide.vscode from version 1.2.1 to 1.2.2
